<?xml version="1.0" encoding="UTF-8"?>
<!-- Generated by org.testng.reporters.JUnitXMLReporter -->
<testsuite hostname="MOHAN-PC" name="Default test" tests="3" failures="0" timestamp="24 Sep 2017 14:16:26 GMT" time="99.279" errors="0">
  <testcase name="searchComputers" time="2.175" classname="com.flipkart.computerAutomation.flipkartApp"/>
  <testcase name="searchHPComputers" time="29.624" classname="com.flipkart.computerAutomation.flipkartApp"/>
  <testcase name="addToCart" time="51.101" classname="com.flipkart.computerAutomation.flipkartApp"/>
</testsuite> <!-- Default test -->
