<?xml version="1.0" encoding="UTF-8"?>
<testng-results skipped="0" failed="0" total="3" passed="3">
  <reporter-output>
  </reporter-output>
  <suite name="Default suite" duration-ms="99279" started-at="2017-09-24T14:14:46Z" finished-at="2017-09-24T14:16:26Z">
    <groups>
    </groups>
    <test name="Default test" duration-ms="99279" started-at="2017-09-24T14:14:46Z" finished-at="2017-09-24T14:16:26Z">
      <class name="com.flipkart.computerAutomation.flipkartApp">
        <test-method status="PASS" signature="launchBrowser()[pri:0, instance:com.flipkart.computerAutomation.flipkartApp@46b4ece3]" name="launchBrowser" is-config="true" duration-ms="13096" started-at="2017-09-24T19:44:46Z" finished-at="2017-09-24T19:45:00Z">
          <reporter-output>
          </reporter-output>
        </test-method> <!-- launchBrowser -->
        <test-method status="PASS" signature="searchComputers()[pri:0, instance:com.flipkart.computerAutomation.flipkartApp@46b4ece3]" name="searchComputers" duration-ms="2175" started-at="2017-09-24T19:45:00Z" finished-at="2017-09-24T19:45:02Z">
          <reporter-output>
          </reporter-output>
        </test-method> <!-- searchComputers -->
        <test-method status="PASS" signature="searchHPComputers()[pri:1, instance:com.flipkart.computerAutomation.flipkartApp@46b4ece3]" name="searchHPComputers" duration-ms="29624" started-at="2017-09-24T19:45:02Z" finished-at="2017-09-24T19:45:31Z">
          <reporter-output>
          </reporter-output>
        </test-method> <!-- searchHPComputers -->
        <test-method status="PASS" signature="addToCart()[pri:2, instance:com.flipkart.computerAutomation.flipkartApp@46b4ece3]" name="addToCart" duration-ms="51101" started-at="2017-09-24T19:45:31Z" finished-at="2017-09-24T19:46:22Z">
          <reporter-output>
          </reporter-output>
        </test-method> <!-- addToCart -->
        <test-method status="PASS" signature="closeBrowser()[pri:0, instance:com.flipkart.computerAutomation.flipkartApp@46b4ece3]" name="closeBrowser" is-config="true" duration-ms="3240" started-at="2017-09-24T19:46:22Z" finished-at="2017-09-24T19:46:26Z">
          <reporter-output>
          </reporter-output>
        </test-method> <!-- closeBrowser -->
      </class> <!-- com.flipkart.computerAutomation.flipkartApp -->
    </test> <!-- Default test -->
  </suite> <!-- Default suite -->
</testng-results>
